FATAL - 08:54:11,405 - main - estudiantes.frmRegistrarEstudiante - This is FATAL : frmReistrarEstudiante se ha destruido
INFO - 08:54:13,253 - main - estudiantes.frmRegistrarEstudiante - This is INFO : Boton 'Atras' creado
INFO - 08:54:13,256 - main - estudiantes.frmRegistrarEstudiante - This is INFO : Boton 'Dar de alta' creado
INFO - 08:54:13,296 - main - estudiantes.frmEstudiantes - This is INFO : Query SELECT lanzada
FATAL - 08:54:13,409 - main - estudiantes.frmRegistrarEstudiante - This is FATAL : frmReistrarEstudiante se ha destruido
INFO - 11:41:19,439 - main - cursos.frmBorrarCurso - This is INFO : Se ha borrado el curso con el id introducido
INFO - 11:41:20,706 - main - cursos.frmBorrarCurso - This is INFO : Se ha borrado el curso con el id introducido
INFO - 11:41:21,727 - main - cursos.frmBorrarCurso - This is INFO : Se ha borrado el curso con el id introducido
INFO - 11:41:22,182 - main - estudiantes.frmRegistrarEstudiante - This is INFO : Boton 'Atras' creado
INFO - 11:41:22,182 - main - estudiantes.frmRegistrarEstudiante - This is INFO : Boton 'Dar de alta' creado
INFO - 11:41:22,306 - main - estudiantes.frmEstudiantes - This is INFO : Query SELECT lanzada
FATAL - 11:41:22,575 - main - estudiantes.frmRegistrarEstudiante - This is FATAL : frmReistrarEstudiante se ha destruido
INFO - 11:41:23,524 - main - estudiantes.frmRegistrarEstudiante - This is INFO : Boton 'Atras' creado
INFO - 11:41:23,524 - main - estudiantes.frmRegistrarEstudiante - This is INFO : Boton 'Dar de alta' creado
INFO - 11:41:23,587 - main - estudiantes.frmEstudiantes - This is INFO : Query SELECT lanzada
FATAL - 11:41:23,697 - main - estudiantes.frmRegistrarEstudiante - This is FATAL : frmReistrarEstudiante se ha destruido
INFO - 11:49:50,329 - main - cursos.frmBorrarCurso - This is INFO : Se ha borrado el curso con el id introducido
INFO - 11:49:52,256 - main - cursos.frmBorrarCurso - This is INFO : Se ha borrado el curso con el id introducido
INFO - 11:50:20,873 - main - cursos.frmBorrarCurso - This is INFO : Se ha borrado el curso con el id introducido
INFO - 11:50:21,970 - main - cursos.frmBorrarCurso - This is INFO : Se ha borrado el curso con el id introducido
INFO - 11:50:22,928 - main - cursos.frmBorrarCurso - This is INFO : Se ha borrado el curso con el id introducido
INFO - 11:50:33,152 - main - cursos.frmBorrarCurso - This is INFO : Se ha borrado el curso con el id introducido
INFO - 11:50:34,453 - main - cursos.frmBorrarCurso - This is INFO : Se ha borrado el curso con el id introducido
INFO - 11:50:35,441 - main - cursos.frmBorrarCurso - This is INFO : Se ha borrado el curso con el id introducido
INFO - 11:53:08,670 - main - cursos.frmBorrarCurso - This is INFO : Se ha borrado el curso con el id introducido
INFO - 11:53:10,913 - main - cursos.frmBorrarCurso - This is INFO : Se ha borrado el curso con el id introducido
INFO - 11:53:12,983 - main - cursos.frmBorrarCurso - This is INFO : Se ha borrado el curso con el id introducido
INFO - 11:53:14,864 - main - estudiantes.frmRegistrarEstudiante - This is INFO : Boton 'Atras' creado
INFO - 11:53:14,866 - main - estudiantes.frmRegistrarEstudiante - This is INFO : Boton 'Dar de alta' creado
INFO - 11:53:14,916 - main - estudiantes.frmEstudiantes - This is INFO : Query SELECT lanzada
FATAL - 11:53:15,713 - main - estudiantes.frmRegistrarEstudiante - This is FATAL : frmReistrarEstudiante se ha destruido
INFO - 11:53:16,430 - main - cursos.frmBorrarCurso - This is INFO : Se ha borrado el curso con el id introducido
INFO - 11:53:17,906 - main - cursos.frmBorrarCurso - This is INFO : Se ha borrado el curso con el id introducido
INFO - 11:53:18,614 - main - estudiantes.frmRegistrarEstudiante - This is INFO : Boton 'Atras' creado
INFO - 11:53:18,614 - main - estudiantes.frmRegistrarEstudiante - This is INFO : Boton 'Dar de alta' creado
INFO - 11:53:18,802 - main - estudiantes.frmEstudiantes - This is INFO : Query SELECT lanzada
FATAL - 11:53:19,192 - main - estudiantes.frmRegistrarEstudiante - This is FATAL : frmReistrarEstudiante se ha destruido
INFO - 11:53:19,991 - main - estudiantes.frmRegistrarEstudiante - This is INFO : Boton 'Atras' creado
INFO - 11:53:20,023 - main - estudiantes.frmRegistrarEstudiante - This is INFO : Boton 'Dar de alta' creado
INFO - 11:53:20,069 - main - estudiantes.frmEstudiantes - This is INFO : Query SELECT lanzada
FATAL - 11:53:20,196 - main - estudiantes.frmRegistrarEstudiante - This is FATAL : frmReistrarEstudiante se ha destruido
INFO - 11:55:11,668 - main - cursos.frmBorrarCurso - This is INFO : Se ha borrado el curso con el id introducido
INFO - 11:55:12,844 - main - cursos.frmBorrarCurso - This is INFO : Se ha borrado el curso con el id introducido
INFO - 11:55:13,802 - main - cursos.frmBorrarCurso - This is INFO : Se ha borrado el curso con el id introducido
INFO - 11:55:14,349 - main - estudiantes.frmRegistrarEstudiante - This is INFO : Boton 'Atras' creado
INFO - 11:55:14,349 - main - estudiantes.frmRegistrarEstudiante - This is INFO : Boton 'Dar de alta' creado
INFO - 11:55:14,443 - main - estudiantes.frmEstudiantes - This is INFO : Query SELECT lanzada
FATAL - 11:55:14,615 - main - estudiantes.frmRegistrarEstudiante - This is FATAL : frmReistrarEstudiante se ha destruido
INFO - 11:55:14,945 - main - estudiantes.frmRegistrarEstudiante - This is INFO : Boton 'Atras' creado
INFO - 11:55:14,945 - main - estudiantes.frmRegistrarEstudiante - This is INFO : Boton 'Dar de alta' creado
INFO - 11:55:14,991 - main - estudiantes.frmEstudiantes - This is INFO : Query SELECT lanzada
FATAL - 11:55:15,054 - main - estudiantes.frmRegistrarEstudiante - This is FATAL : frmReistrarEstudiante se ha destruido
